     1 00000000 B080                    mov al,80h      ;CWR
     2 00000002 E667                    out 67h,al
     3                                  
     4 00000004 B001                    mov al,01h      ;Latch
     5 00000006 E663                    out 63h,al
     6                                  
     7 00000008 B000                    repeat : mov al,00h     ;Square
     8 0000000A E661                             out 61h,al
     9 0000000C B9FF00                           mov cx,0ffh
    10                                           
    11 0000000F 49                      back :   dec cx 
    12 00000010 75FD                             jnz back
    13 00000012 B0FF                             mov al,00ffh
    14 00000014 E661                             out 61h,al
    15 00000016 B9FF00                           mov cx,00ffh
    16                                           
    17 00000019 49                      back1 : dec cx
    18 0000001A 75FD                            jnz back1
    19 0000001C EBEA                            jmp repeat
    20 0000001E CD03                            int 3
