     1 00000000 B080                    mov al,80h      ;CWR
     2 00000002 E667                    out 67h,al
     3                                  
     4 00000004 B001                    mov al,01h      ;Latch
     5 00000006 E663                    out 63h,al
     6                                  
     7 00000008 B000                    mov al,00h      ;Trapezoid
     8                                  
     9 0000000A E661                    back : 	out 61h,al
    10 0000000C FEC0                    	inc al
    11 0000000E 3CFF                    	cmp al,0ffh
    12 00000010 75F8                    	jne back
    13 00000012 B9FF00                  	mov cx,00ffh
    14                                  
    15 00000015 49                      delay : dec cx
    16 00000016 75F2                    	jnz back
    17                                  
    18 00000018 E661                    back1 :	out 61h,al
    19 0000001A FEC8                    	dec al
    20 0000001C 3C00                    	cmp al,00h
    21 0000001E 75F8                    	jne back1
    22 00000020 B9FF00                  	mov cx,00ffh
    23                                  
    24 00000023 49                      delay1:	dec cx
    25 00000024 75F2                    	jnz back1
    26 00000026 EBE2                    	jmp back
    27                                  	
    28 00000028 CD03                    	int 3 
